Using pre-set license
Built from '2021.3/staging' branch; Version is '2021.3.2f1 (d6360bedb9a0) revision 14038539'; Using compiler version '192829333'; Build Type 'Release'
OS: 'Windows 10  (10.0.19044) 64bit ProfessionalWorkstation' Language: 'ru' Physical Memory: 8174 MB
BatchMode: 1, IsHumanControllingUs: 0, StartBugReporterOnCrash: 0, Is64bit: 1, IsPro: 1

COMMAND LINE ARGUMENTS:
C:\Program Files\Unity\Hub\Editor\2021.3.2f1\Editor\Unity.exe
-adb2
-batchMode
-noUpm
-name
AssetImportWorker2
-projectPath
C:/Users/bydlo/kodiki_dz_1
-logFile
Logs/AssetImportWorker2.log
-srvPort
51972
Successfully changed project path to: C:/Users/bydlo/kodiki_dz_1
C:/Users/bydlo/kodiki_dz_1
[UnityMemory] Configuration Parameters - Can be set up in boot.config
    "memorysetup-bucket-allocator-granularity=16"
    "memorysetup-bucket-allocator-bucket-count=8"
    "memorysetup-bucket-allocator-block-size=33554432"
    "memorysetup-bucket-allocator-block-count=8"
    "memorysetup-main-allocator-block-size=16777216"
    "memorysetup-thread-allocator-block-size=16777216"
    "memorysetup-gfx-main-allocator-block-size=16777216"
    "memorysetup-gfx-thread-allocator-block-size=16777216"
    "memorysetup-cache-allocator-block-size=4194304"
    "memorysetup-typetree-allocator-block-size=2097152"
    "memorysetup-profiler-bucket-allocator-granularity=16"
    "memorysetup-profiler-bucket-allocator-bucket-count=8"
    "memorysetup-profiler-bucket-allocator-block-size=33554432"
    "memorysetup-profiler-bucket-allocator-block-count=8"
    "memorysetup-profiler-allocator-block-size=16777216"
    "memorysetup-profiler-editor-allocator-block-size=1048576"
    "memorysetup-temp-allocator-size-main=16777216"
    "memorysetup-job-temp-allocator-block-size=2097152"
    "memorysetup-job-temp-allocator-block-size-background=1048576"
    "memorysetup-job-temp-allocator-reduction-small-platforms=262144"
    "memorysetup-temp-allocator-size-background-worker=32768"
    "memorysetup-temp-allocator-size-job-worker=262144"
    "memorysetup-temp-allocator-size-preload-manager=33554432"
    "memorysetup-temp-allocator-size-nav-mesh-worker=65536"
    "memorysetup-temp-allocator-size-audio-worker=65536"
    "memorysetup-temp-allocator-size-cloud-worker=32768"
    "memorysetup-temp-allocator-size-gi-baking-worker=262144"
    "memorysetup-temp-allocator-size-gfx=262144"
Refreshing native plugins compatible for Editor in 183.46 ms, found 3 plugins.
Preloading 0 native plugins for Editor in 0.00 ms.
Initialize engine version: 2021.3.2f1 (d6360bedb9a0)
[Subsystems] Discovering subsystems at path C:/Program Files/Unity/Hub/Editor/2021.3.2f1/Editor/Data/Resources/UnitySubsystems
[Subsystems] Discovering subsystems at path C:/Users/bydlo/kodiki_dz_1/Assets
GfxDevice: creating device client; threaded=0; jobified=0
Direct3D:
    Version:  Direct3D 11.0 [level 11.1]
    Renderer: NVIDIA GeForce GT 1030 (ID=0x1d01)
    Vendor:   NVIDIA
    VRAM:     1982 MB
    Driver:   30.0.14.7141
Initialize mono
Mono path[0] = 'C:/Program Files/Unity/Hub/Editor/2021.3.2f1/Editor/Data/Managed'
Mono path[1] = 'C:/Program Files/Unity/Hub/Editor/2021.3.2f1/Editor/Data/MonoBleedingEdge/lib/mono/unityjit-win32'
Mono config path = 'C:/Program Files/Unity/Hub/Editor/2021.3.2f1/Editor/Data/MonoBleedingEdge/etc'
Using monoOptions --debugger-agent=transport=dt_socket,embedding=1,server=y,suspend=n,address=127.0.0.1:56228
Begin MonoManager ReloadAssembly
Registering precompiled unity dll's ...
Register platform support module: C:/Program Files/Unity/Hub/Editor/2021.3.2f1/Editor/Data/PlaybackEngines/WebGLSupport/UnityEditor.WebGL.Extensions.dll
Register platform support module: C:/Program Files/Unity/Hub/Editor/2021.3.2f1/Editor/Data/PlaybackEngines/WindowsStandaloneSupport/UnityEditor.WindowsStandalone.Extensions.dll
Registered in 0.021599 seconds.
Native extension for WindowsStandalone target not found
Native extension for WebGL target not found
Refreshing native plugins compatible for Editor in 157.49 ms, found 3 plugins.
Preloading 0 native plugins for Editor in 0.00 ms.
Mono: successfully reloaded assembly
- Completed reload, in  1.275 seconds
Domain Reload Profiling:
	ReloadAssembly (1275ms)
		BeginReloadAssembly (173ms)
			ExecutionOrderSort (0ms)
			DisableScriptedObjects (0ms)
			BackupInstance (0ms)
			ReleaseScriptingObjects (0ms)
			CreateAndSetChildDomain (2ms)
		EndReloadAssembly (843ms)
			LoadAssemblies (167ms)
			RebuildTransferFunctionScriptingTraits (0ms)
			SetupTypeCache (217ms)
			ReleaseScriptCaches (0ms)
			RebuildScriptCaches (56ms)
			SetupLoadedEditorAssemblies (476ms)
				LogAssemblyErrors (0ms)
				InitializePlatformSupportModulesInManaged (17ms)
				SetLoadedEditorAssemblies (0ms)
				RefreshPlugins (158ms)
				BeforeProcessingInitializeOnLoad (3ms)
				ProcessInitializeOnLoadAttributes (216ms)
				ProcessInitializeOnLoadMethodAttributes (82ms)
				AfterProcessingInitializeOnLoad (0ms)
				EditorAssembliesLoaded (0ms)
			ExecutionOrderSort2 (0ms)
			AwakeInstancesAfterBackupRestoration (0ms)
Platform modules already initialized, skipping
Registering precompiled user dll's ...
Registered in 0.013609 seconds.
Begin MonoManager ReloadAssembly
Symbol file LoadedFromMemory doesn't match image C:\Users\bydlo\kodiki_dz_1\Library\PackageCache\com.unity.visualscripting@1.7.6\Editor\VisualScripting.Core\Dependencies\YamlDotNet\Unity.VisualScripting.YamlDotNet.dll
Symbol file LoadedFromMemory doesn't match image C:\Users\bydlo\kodiki_dz_1\Library\PackageCache\com.unity.visualscripting@1.7.6\Editor\VisualScripting.Core\Dependencies\DotNetZip\Unity.VisualScripting.IonicZip.dll
Native extension for WindowsStandalone target not found
Native extension for WebGL target not found
Refreshing native plugins compatible for Editor in 0.94 ms, found 3 plugins.
Preloading 0 native plugins for Editor in 0.00 ms.
Mono: successfully reloaded assembly
- Completed reload, in  3.303 seconds
Domain Reload Profiling:
	ReloadAssembly (3305ms)
		BeginReloadAssembly (201ms)
			ExecutionOrderSort (0ms)
			DisableScriptedObjects (10ms)
			BackupInstance (0ms)
			ReleaseScriptingObjects (0ms)
			CreateAndSetChildDomain (30ms)
		EndReloadAssembly (2886ms)
			LoadAssemblies (1472ms)
			RebuildTransferFunctionScriptingTraits (0ms)
			SetupTypeCache (501ms)
			ReleaseScriptCaches (1ms)
			RebuildScriptCaches (88ms)
			SetupLoadedEditorAssemblies (772ms)
				LogAssemblyErrors (0ms)
				InitializePlatformSupportModulesInManaged (14ms)
				SetLoadedEditorAssemblies (1ms)
				RefreshPlugins (1ms)
				BeforeProcessingInitializeOnLoad (160ms)
				ProcessInitializeOnLoadAttributes (481ms)
				ProcessInitializeOnLoadMethodAttributes (96ms)
				AfterProcessingInitializeOnLoad (18ms)
				EditorAssembliesLoaded (0ms)
			ExecutionOrderSort2 (0ms)
			AwakeInstancesAfterBackupRestoration (10ms)
Platform modules already initialized, skipping
========================================================================
Worker process is ready to serve import requests
Launched and connected shader compiler UnityShaderCompiler.exe after 0.17 seconds
Refreshing native plugins compatible for Editor in 1.03 ms, found 3 plugins.
Preloading 0 native plugins for Editor in 0.00 ms.
Unloading 3412 Unused Serialized files (Serialized files now loaded: 0)
Unloading 26 unused Assets / (112.1 KB). Loaded Objects now: 3869.
Memory consumption went from 116.9 MB to 116.8 MB.
Total: 5.296400 ms (FindLiveObjects: 0.614700 ms CreateObjectMapping: 0.370400 ms MarkObjects: 4.155300 ms  DeleteObjects: 0.153900 ms)

AssetImportParameters requested are different than current active one (requested -> active):
  custom:video-decoder-ogg-theora: a1e56fd34408186e4bbccfd4996cb3dc -> 
  custom:container-muxer-webm: aa71ff27fc2769a1b78a27578f13a17b -> 
  custom:container-demuxer-webm: 4f35f7cbe854078d1ac9338744f61a02 -> 
  custom:video-encoder-webm-vp8: eb34c28f22e8b96e1ab97ce403110664 -> 
  custom:audio-encoder-webm-vorbis: bf7c407c2cedff20999df2af8eb42d56 -> 
  custom:framework-win-MediaFoundation: 216162199b28c13a410421893ffa2e32 -> 
  custom:container-demuxer-ogg: 62fdf1f143b41e24485cea50d1cbac27 -> 
  custom:video-decoder-webm-vp8: 9c59270c3fd7afecdb556c50c9e8de78 -> 
  custom:audio-decoder-ogg-vorbis: bf7c407c2cedff20999df2af8eb42d56 -> 
========================================================================
Received Import Request.
  Time since last request: 450190.347881 seconds.
  path: Assets/New Folder/Assets/FPSController.prefab
  artifactKey: Guid(f4fc3cdb00a2b8d45bab5c7eb04207ae) Importer(815301076,1909f56bfc062723c751e8b465ee728b)
Start importing Assets/New Folder/Assets/FPSController.prefab using Guid(f4fc3cdb00a2b8d45bab5c7eb04207ae) Importer(815301076,1909f56bfc062723c751e8b465ee728b)  -> (artifact id: '3c8415448c641ee88e64161232fb0979') in 0.099875 seconds 
========================================================================
Received Import Request.
  Time since last request: 0.000029 seconds.
  path: Assets/New Folder/Assets/New Terrain 1.asset
  artifactKey: Guid(a2e7df94854005d4ead715e73fc63514) Importer(815301076,1909f56bfc062723c751e8b465ee728b)
Start importing Assets/New Folder/Assets/New Terrain 1.asset using Guid(a2e7df94854005d4ead715e73fc63514) Importer(815301076,1909f56bfc062723c751e8b465ee728b)  -> (artifact id: '3dd35f7f5461404e7f26ebd9b0791e35') in 0.709159 seconds 
========================================================================
Received Import Request.
  Time since last request: 0.000029 seconds.
  path: Assets/New Folder/Assets/New Material.mat
  artifactKey: Guid(ca0468b392fc1984bbbb0557b372615b) Importer(815301076,1909f56bfc062723c751e8b465ee728b)
Start importing Assets/New Folder/Assets/New Material.mat using Guid(ca0468b392fc1984bbbb0557b372615b) Importer(815301076,1909f56bfc062723c751e8b465ee728b)  -> (artifact id: '450d12c267086c1c164c4dc74c3012c1') in 0.361592 seconds 
========================================================================
Received Import Request.
  Time since last request: 0.000033 seconds.
  path: Assets/New Folder/Assets/Cheburator 1.prefab
  artifactKey: Guid(bad291f4d95355b42840369289e05bc5) Importer(815301076,1909f56bfc062723c751e8b465ee728b)
Start importing Assets/New Folder/Assets/Cheburator 1.prefab using Guid(bad291f4d95355b42840369289e05bc5) Importer(815301076,1909f56bfc062723c751e8b465ee728b)  -> (artifact id: '3a0b9693a0919a1960dd2734b200668e') in 0.091960 seconds 
========================================================================
Received Import Request.
  Time since last request: 0.000028 seconds.
  path: Assets/New Folder/Assets/Material2.mat
  artifactKey: Guid(91fe76261e71bf64d9c1d4b22dd54076) Importer(815301076,1909f56bfc062723c751e8b465ee728b)
Start importing Assets/New Folder/Assets/Material2.mat using Guid(91fe76261e71bf64d9c1d4b22dd54076) Importer(815301076,1909f56bfc062723c751e8b465ee728b)  -> (artifact id: 'f738c56d3d3c871fbdbbdef6fe3a0c61') in 0.025744 seconds 
========================================================================
Received Import Request.
  Time since last request: 0.000036 seconds.
  path: Assets/New Folder/Assets/snow1.jpg
  artifactKey: Guid(e69c3d54857b4b146a8ef8a0a2a900f7) Importer(815301076,1909f56bfc062723c751e8b465ee728b)
Start importing Assets/New Folder/Assets/snow1.jpg using Guid(e69c3d54857b4b146a8ef8a0a2a900f7) Importer(815301076,1909f56bfc062723c751e8b465ee728b)  -> (artifact id: '594d6557be0c287e3448495dec945856') in 0.222905 seconds 
========================================================================
Received Import Request.
  Time since last request: 0.000029 seconds.
  path: Assets/New Folder/Assets/stone2.jpg
  artifactKey: Guid(be92517434556584f8d5047ad0523356) Importer(815301076,1909f56bfc062723c751e8b465ee728b)
Start importing Assets/New Folder/Assets/stone2.jpg using Guid(be92517434556584f8d5047ad0523356) Importer(815301076,1909f56bfc062723c751e8b465ee728b)  -> (artifact id: 'b60de71948875fcf07619d6808a22c4d') in 0.020438 seconds 
========================================================================
Received Import Request.
  Time since last request: 0.000043 seconds.
  path: Assets/New Folder/Assets/Material1.mat
  artifactKey: Guid(187ca73a62d4a9f4cbe043880c3cf5cf) Importer(815301076,1909f56bfc062723c751e8b465ee728b)
Start importing Assets/New Folder/Assets/Material1.mat using Guid(187ca73a62d4a9f4cbe043880c3cf5cf) Importer(815301076,1909f56bfc062723c751e8b465ee728b)  -> (artifact id: 'b9e2288b1374d0a309d17c1aa88a4353') in 0.021172 seconds 
========================================================================
Received Import Request.
  Time since last request: 0.000032 seconds.
  path: Assets/New Folder/Assets/RigidBodyFPSController.prefab
  artifactKey: Guid(e11621d0d7d28ab4eab320f33433f803) Importer(815301076,1909f56bfc062723c751e8b465ee728b)
Start importing Assets/New Folder/Assets/RigidBodyFPSController.prefab using Guid(e11621d0d7d28ab4eab320f33433f803) Importer(815301076,1909f56bfc062723c751e8b465ee728b)  -> (artifact id: 'bdc0dbae91892a8271ddef272b9292a1') in 0.017729 seconds 
========================================================================
Received Import Request.
  Time since last request: 0.000029 seconds.
  path: Assets/New Folder/Assets
  artifactKey: Guid(b27abeda80f69c243be2d0a53b2fefa1) Importer(815301076,1909f56bfc062723c751e8b465ee728b)
Start importing Assets/New Folder/Assets using Guid(b27abeda80f69c243be2d0a53b2fefa1) Importer(815301076,1909f56bfc062723c751e8b465ee728b)  -> (artifact id: 'c6faf3e4ee6bca799be0946bc820c6a3') in 0.008924 seconds 
========================================================================
Received Import Request.
  Time since last request: 0.000027 seconds.
  path: Assets/New Folder/Assets/мех_12.jpg
  artifactKey: Guid(8c670fcd2998c754998007ba35cf740c) Importer(815301076,1909f56bfc062723c751e8b465ee728b)
Start importing Assets/New Folder/Assets/мех_12.jpg using Guid(8c670fcd2998c754998007ba35cf740c) Importer(815301076,1909f56bfc062723c751e8b465ee728b)  -> (artifact id: '023c007e4c6d89c63b34b9c53b2e7095') in 0.021570 seconds 
========================================================================
Received Import Request.
  Time since last request: 0.000024 seconds.
  path: Assets/New Folder/Assets/Cheburator.prefab
  artifactKey: Guid(7761f09d67878a241a80caf495e91c61) Importer(815301076,1909f56bfc062723c751e8b465ee728b)
Start importing Assets/New Folder/Assets/Cheburator.prefab using Guid(7761f09d67878a241a80caf495e91c61) Importer(815301076,1909f56bfc062723c751e8b465ee728b)  -> (artifact id: '9cecda84135c9ac2850e6324e3826f6f') in 0.395581 seconds 
========================================================================
Received Import Request.
  Time since last request: 0.000030 seconds.
  path: Assets/New Folder/Assets/трава_21.jpg
  artifactKey: Guid(405a4809611a228478afd6c714fd2078) Importer(815301076,1909f56bfc062723c751e8b465ee728b)
Start importing Assets/New Folder/Assets/трава_21.jpg using Guid(405a4809611a228478afd6c714fd2078) Importer(815301076,1909f56bfc062723c751e8b465ee728b)  -> (artifact id: 'fc431b9eb191dc4d44a93a487ae71ba7') in 0.037809 seconds 
========================================================================
Received Import Request.
  Time since last request: 0.000041 seconds.
  path: Assets/New Folder/Assets/New Terrain.asset
  artifactKey: Guid(3f1e4eb267c43a2418b6104bd21d00e3) Importer(815301076,1909f56bfc062723c751e8b465ee728b)
Start importing Assets/New Folder/Assets/New Terrain.asset using Guid(3f1e4eb267c43a2418b6104bd21d00e3) Importer(815301076,1909f56bfc062723c751e8b465ee728b)  -> (artifact id: '8c3a014a751b554bcb5c69caec609b59') in 0.238966 seconds 
========================================================================
Received Import Request.
  Time since last request: 35.212443 seconds.
  path: Assets/_TerrainAutoUpgrade
  artifactKey: Guid(2b3ba17ba1befc34db41b88aa0865d99) Importer(815301076,1909f56bfc062723c751e8b465ee728b)
Start importing Assets/_TerrainAutoUpgrade using Guid(2b3ba17ba1befc34db41b88aa0865d99) Importer(815301076,1909f56bfc062723c751e8b465ee728b)  -> (artifact id: '27564dc383cb0e3e33328dca59a68edf') in 0.049283 seconds 
========================================================================
Received Import Request.
  Time since last request: 3.648292 seconds.
  path: Assets/New Folder
  artifactKey: Guid(487272278f24f1b4d9a1da21fd0c5864) Importer(815301076,1909f56bfc062723c751e8b465ee728b)
Start importing Assets/New Folder using Guid(487272278f24f1b4d9a1da21fd0c5864) Importer(815301076,1909f56bfc062723c751e8b465ee728b)  -> (artifact id: '2e950c59b056c4ef24151dac71d93a35') in 0.010778 seconds 
========================================================================
Received Prepare
Registering precompiled user dll's ...
Registered in 0.015247 seconds.
Begin MonoManager ReloadAssembly
Symbol file LoadedFromMemory doesn't match image C:\Users\bydlo\kodiki_dz_1\Library\PackageCache\com.unity.visualscripting@1.7.6\Editor\VisualScripting.Core\Dependencies\YamlDotNet\Unity.VisualScripting.YamlDotNet.dll
Symbol file LoadedFromMemory doesn't match image C:\Users\bydlo\kodiki_dz_1\Library\PackageCache\com.unity.visualscripting@1.7.6\Editor\VisualScripting.Core\Dependencies\DotNetZip\Unity.VisualScripting.IonicZip.dll
Native extension for WindowsStandalone target not found
Native extension for WebGL target not found
Refreshing native plugins compatible for Editor in 0.96 ms, found 3 plugins.
Preloading 0 native plugins for Editor in 0.00 ms.
Mono: successfully reloaded assembly
- Completed reload, in  2.106 seconds
Domain Reload Profiling:
	ReloadAssembly (2107ms)
		BeginReloadAssembly (333ms)
			ExecutionOrderSort (0ms)
			DisableScriptedObjects (10ms)
			BackupInstance (0ms)
			ReleaseScriptingObjects (0ms)
			CreateAndSetChildDomain (76ms)
		EndReloadAssembly (1533ms)
			LoadAssemblies (232ms)
			RebuildTransferFunctionScriptingTraits (0ms)
			SetupTypeCache (558ms)
			ReleaseScriptCaches (2ms)
			RebuildScriptCaches (79ms)
			SetupLoadedEditorAssemblies (646ms)
				LogAssemblyErrors (0ms)
				InitializePlatformSupportModulesInManaged (26ms)
				SetLoadedEditorAssemblies (1ms)
				RefreshPlugins (1ms)
				BeforeProcessingInitializeOnLoad (163ms)
				ProcessInitializeOnLoadAttributes (376ms)
				ProcessInitializeOnLoadMethodAttributes (52ms)
				AfterProcessingInitializeOnLoad (26ms)
				EditorAssembliesLoaded (0ms)
			ExecutionOrderSort2 (0ms)
			AwakeInstancesAfterBackupRestoration (14ms)
Platform modules already initialized, skipping
Refreshing native plugins compatible for Editor in 3.59 ms, found 3 plugins.
Preloading 0 native plugins for Editor in 0.00 ms.
Unloading 3355 Unused Serialized files (Serialized files now loaded: 0)
Unloading 68 unused Assets / (0.6 MB). Loaded Objects now: 3877.
Memory consumption went from 122.2 MB to 121.6 MB.
Total: 5.868700 ms (FindLiveObjects: 0.443100 ms CreateObjectMapping: 0.502600 ms MarkObjects: 4.404200 ms  DeleteObjects: 0.516900 ms)

AssetImportParameters requested are different than current active one (requested -> active):
  custom:video-decoder-ogg-theora: a1e56fd34408186e4bbccfd4996cb3dc -> 
  custom:container-muxer-webm: aa71ff27fc2769a1b78a27578f13a17b -> 
  custom:container-demuxer-webm: 4f35f7cbe854078d1ac9338744f61a02 -> 
  custom:video-encoder-webm-vp8: eb34c28f22e8b96e1ab97ce403110664 -> 
  custom:audio-encoder-webm-vorbis: bf7c407c2cedff20999df2af8eb42d56 -> 
  custom:framework-win-MediaFoundation: 216162199b28c13a410421893ffa2e32 -> 
  custom:container-demuxer-ogg: 62fdf1f143b41e24485cea50d1cbac27 -> 
  custom:video-decoder-webm-vp8: 9c59270c3fd7afecdb556c50c9e8de78 -> 
  custom:audio-decoder-ogg-vorbis: bf7c407c2cedff20999df2af8eb42d56 -> 
========================================================================
Received Import Request.
  Time since last request: 60.675632 seconds.
  path: Assets
  artifactKey: Guid(00000000000000001000000000000000) Importer(815301076,1909f56bfc062723c751e8b465ee728b)
Start importing Assets using Guid(00000000000000001000000000000000) Importer(815301076,1909f56bfc062723c751e8b465ee728b)  -> (artifact id: '79842766b460edbeab6a34051e857a80') in 0.010422 seconds 
========================================================================
Received Import Request.
  Time since last request: 5.711305 seconds.
  path: Assets/Assets
  artifactKey: Guid(93888a88bb06f964598a6c1620891695) Importer(815301076,1909f56bfc062723c751e8b465ee728b)
Start importing Assets/Assets using Guid(93888a88bb06f964598a6c1620891695) Importer(815301076,1909f56bfc062723c751e8b465ee728b)  -> (artifact id: 'eb2e074492ae570f343a41b2b552ec67') in 0.004669 seconds 
========================================================================
Received Import Request.
  Time since last request: 7.378197 seconds.
  path: Assets/Material
  artifactKey: Guid(6fcebf625d9bb0e4bb87b7436bd5b3a4) Importer(815301076,1909f56bfc062723c751e8b465ee728b)
Start importing Assets/Material using Guid(6fcebf625d9bb0e4bb87b7436bd5b3a4) Importer(815301076,1909f56bfc062723c751e8b465ee728b)  -> (artifact id: 'afd205d299212a340eb2246c324fcc3b') in 0.011451 seconds 
========================================================================
Received Import Request.
  Time since last request: 33.309871 seconds.
  path: Assets/Material/Plane_Material.mat
  artifactKey: Guid(31ec11757cdb9e24593cdabf6464fb41) Importer(815301076,1909f56bfc062723c751e8b465ee728b)
Start importing Assets/Material/Plane_Material.mat using Guid(31ec11757cdb9e24593cdabf6464fb41) Importer(815301076,1909f56bfc062723c751e8b465ee728b)  -> (artifact id: '17c36856cd5503455c24f1471fda4e1c') in 0.127582 seconds 
========================================================================
Received Import Request.
  Time since last request: 394.182572 seconds.
  path: Assets/Material/Cheburator 1.prefab
  artifactKey: Guid(bad291f4d95355b42840369289e05bc5) Importer(815301076,1909f56bfc062723c751e8b465ee728b)
Start importing Assets/Material/Cheburator 1.prefab using Guid(bad291f4d95355b42840369289e05bc5) Importer(815301076,1909f56bfc062723c751e8b465ee728b)  -> (artifact id: '38d1f52f6916a12d398a6edde3fb37b9') in 0.051217 seconds 
========================================================================
Received Import Request.
  Time since last request: 54.511657 seconds.
  path: Assets/Prefab
  artifactKey: Guid(1ee528579f7e75b458cde2e48b35fe3e) Importer(815301076,1909f56bfc062723c751e8b465ee728b)
Start importing Assets/Prefab using Guid(1ee528579f7e75b458cde2e48b35fe3e) Importer(815301076,1909f56bfc062723c751e8b465ee728b)  -> (artifact id: 'd68b7b742b4a1a7d0ad67e4ab63115ec') in 0.010903 seconds 
========================================================================
Received Prepare
Registering precompiled user dll's ...
Registered in 0.012841 seconds.
Begin MonoManager ReloadAssembly
Symbol file LoadedFromMemory doesn't match image C:\Users\bydlo\kodiki_dz_1\Library\PackageCache\com.unity.visualscripting@1.7.6\Editor\VisualScripting.Core\Dependencies\YamlDotNet\Unity.VisualScripting.YamlDotNet.dll
Symbol file LoadedFromMemory doesn't match image C:\Users\bydlo\kodiki_dz_1\Library\PackageCache\com.unity.visualscripting@1.7.6\Editor\VisualScripting.Core\Dependencies\DotNetZip\Unity.VisualScripting.IonicZip.dll
Native extension for WindowsStandalone target not found
Native extension for WebGL target not found
Refreshing native plugins compatible for Editor in 0.97 ms, found 3 plugins.
Preloading 0 native plugins for Editor in 0.00 ms.
Mono: successfully reloaded assembly
- Completed reload, in  2.110 seconds
Domain Reload Profiling:
	ReloadAssembly (2111ms)
		BeginReloadAssembly (238ms)
			ExecutionOrderSort (0ms)
			DisableScriptedObjects (8ms)
			BackupInstance (0ms)
			ReleaseScriptingObjects (0ms)
			CreateAndSetChildDomain (59ms)
		EndReloadAssembly (1660ms)
			LoadAssemblies (170ms)
			RebuildTransferFunctionScriptingTraits (0ms)
			SetupTypeCache (631ms)
			ReleaseScriptCaches (2ms)
			RebuildScriptCaches (82ms)
			SetupLoadedEditorAssemblies (698ms)
				LogAssemblyErrors (0ms)
				InitializePlatformSupportModulesInManaged (30ms)
				SetLoadedEditorAssemblies (1ms)
				RefreshPlugins (1ms)
				BeforeProcessingInitializeOnLoad (153ms)
				ProcessInitializeOnLoadAttributes (447ms)
				ProcessInitializeOnLoadMethodAttributes (47ms)
				AfterProcessingInitializeOnLoad (19ms)
				EditorAssembliesLoaded (0ms)
			ExecutionOrderSort2 (0ms)
			AwakeInstancesAfterBackupRestoration (13ms)
Platform modules already initialized, skipping
Refreshing native plugins compatible for Editor in 3.31 ms, found 3 plugins.
Preloading 0 native plugins for Editor in 0.00 ms.
Unloading 3355 Unused Serialized files (Serialized files now loaded: 0)
Unloading 19 unused Assets / (79.0 KB). Loaded Objects now: 3880.
Memory consumption went from 121.5 MB to 121.4 MB.
Total: 4.562800 ms (FindLiveObjects: 0.363600 ms CreateObjectMapping: 0.175600 ms MarkObjects: 3.859100 ms  DeleteObjects: 0.162600 ms)

AssetImportParameters requested are different than current active one (requested -> active):
  custom:video-decoder-ogg-theora: a1e56fd34408186e4bbccfd4996cb3dc -> 
  custom:container-muxer-webm: aa71ff27fc2769a1b78a27578f13a17b -> 
  custom:container-demuxer-webm: 4f35f7cbe854078d1ac9338744f61a02 -> 
  custom:video-encoder-webm-vp8: eb34c28f22e8b96e1ab97ce403110664 -> 
  custom:audio-encoder-webm-vorbis: bf7c407c2cedff20999df2af8eb42d56 -> 
  custom:framework-win-MediaFoundation: 216162199b28c13a410421893ffa2e32 -> 
  custom:container-demuxer-ogg: 62fdf1f143b41e24485cea50d1cbac27 -> 
  custom:video-decoder-webm-vp8: 9c59270c3fd7afecdb556c50c9e8de78 -> 
  custom:audio-decoder-ogg-vorbis: bf7c407c2cedff20999df2af8eb42d56 -> 
